<?xml version="1.0" encoding="UTF-8"?>
<testng-results skipped="0" failed="1" ignored="0" total="7" passed="6">
  <reporter-output>
  </reporter-output>
  <suite name="Default suite" duration-ms="354" started-at="2019-12-19T17:45:24 IST" finished-at="2019-12-19T17:45:25 IST">
    <groups>
    </groups>
    <test name="Default test" duration-ms="354" started-at="2019-12-19T17:45:24 IST" finished-at="2019-12-19T17:45:25 IST">
      <class name="com.freecrm.qa.ExtentReportListener.ExtentReport">
        <test-method status="PASS" signature="setup()[pri:0, instance:com.freecrm.qa.ExtentReportListener.ExtentReport@15d0c81b]" name="setup" is-config="true" duration-ms="217" started-at="2019-12-19T17:45:24 IST" finished-at="2019-12-19T17:45:25 IST">
          <reporter-output>
          </reporter-output>
        </test-method> <!-- setup -->
        <test-method status="PASS" signature="testMethod1()[pri:0, instance:com.freecrm.qa.ExtentReportListener.ExtentReport@15d0c81b]" name="testMethod1" duration-ms="16" started-at="2019-12-19T17:45:25 IST" finished-at="2019-12-19T17:45:25 IST">
          <reporter-output>
          </reporter-output>
        </test-method> <!-- testMethod1 -->
        <test-method status="PASS" signature="setup()[pri:0, instance:com.freecrm.qa.ExtentReportListener.ExtentReport@15d0c81b]" name="setup" is-config="true" duration-ms="2" started-at="2019-12-19T17:45:25 IST" finished-at="2019-12-19T17:45:25 IST">
          <reporter-output>
          </reporter-output>
        </test-method> <!-- setup -->
        <test-method status="PASS" signature="testMethod2()[pri:0, instance:com.freecrm.qa.ExtentReportListener.ExtentReport@15d0c81b]" name="testMethod2" duration-ms="2" started-at="2019-12-19T17:45:25 IST" finished-at="2019-12-19T17:45:25 IST">
          <reporter-output>
          </reporter-output>
        </test-method> <!-- testMethod2 -->
        <test-method status="PASS" signature="setup()[pri:0, instance:com.freecrm.qa.ExtentReportListener.ExtentReport@15d0c81b]" name="setup" is-config="true" duration-ms="3" started-at="2019-12-19T17:45:25 IST" finished-at="2019-12-19T17:45:25 IST">
          <reporter-output>
          </reporter-output>
        </test-method> <!-- setup -->
        <test-method status="PASS" signature="testMethod3()[pri:0, instance:com.freecrm.qa.ExtentReportListener.ExtentReport@15d0c81b]" name="testMethod3" duration-ms="1" started-at="2019-12-19T17:45:25 IST" finished-at="2019-12-19T17:45:25 IST">
          <reporter-output>
          </reporter-output>
        </test-method> <!-- testMethod3 -->
        <test-method status="PASS" signature="setup()[pri:0, instance:com.freecrm.qa.ExtentReportListener.ExtentReport@15d0c81b]" name="setup" is-config="true" duration-ms="2" started-at="2019-12-19T17:45:25 IST" finished-at="2019-12-19T17:45:25 IST">
          <reporter-output>
          </reporter-output>
        </test-method> <!-- setup -->
        <test-method status="FAIL" signature="testMethod4()[pri:0, instance:com.freecrm.qa.ExtentReportListener.ExtentReport@15d0c81b]" name="testMethod4" duration-ms="5" started-at="2019-12-19T17:45:25 IST" finished-at="2019-12-19T17:45:25 IST">
          <exception class="java.lang.AssertionError">
            <message>
              <![CDATA[expected [false] but found [true]]]>
            </message>
            <full-stacktrace>
              <![CDATA[java.lang.AssertionError: expected [false] but found [true]
at org.testng.Assert.fail(Assert.java:97)
at org.testng.Assert.assertEqualsImpl(Assert.java:136)
at org.testng.Assert.assertEquals(Assert.java:118)
at org.testng.Assert.assertEquals(Assert.java:751)
at org.testng.Assert.assertEquals(Assert.java:761)
at com.freecrm.qa.ExtentReportListener.ExtentReport.testMethod4(ExtentReport.java:53)
at sun.reflect.NativeMethodAccessorImpl.invoke0(Native Method)
at sun.reflect.NativeMethodAccessorImpl.invoke(Unknown Source)
at sun.reflect.DelegatingMethodAccessorImpl.invoke(Unknown Source)
at java.lang.reflect.Method.invoke(Unknown Source)
at org.testng.internal.MethodInvocationHelper.invokeMethod(MethodInvocationHelper.java:133)
at org.testng.internal.TestInvoker.invokeMethod(TestInvoker.java:584)
at org.testng.internal.TestInvoker.invokeTestMethod(TestInvoker.java:172)
at org.testng.internal.MethodRunner.runInSequence(MethodRunner.java:46)
at org.testng.internal.TestInvoker$MethodInvocationAgent.invoke(TestInvoker.java:804)
at org.testng.internal.TestInvoker.invokeTestMethods(TestInvoker.java:145)
at org.testng.internal.TestMethodWorker.invokeTestMethods(TestMethodWorker.java:146)
at org.testng.internal.TestMethodWorker.run(TestMethodWorker.java:128)
at java.util.ArrayList.forEach(Unknown Source)
at org.testng.TestRunner.privateRun(TestRunner.java:770)
at org.testng.TestRunner.run(TestRunner.java:591)
at org.testng.SuiteRunner.runTest(SuiteRunner.java:402)
at org.testng.SuiteRunner.runSequentially(SuiteRunner.java:396)
at org.testng.SuiteRunner.privateRun(SuiteRunner.java:355)
at org.testng.SuiteRunner.run(SuiteRunner.java:304)
at org.testng.SuiteRunnerWorker.runSuite(SuiteRunnerWorker.java:53)
at org.testng.SuiteRunnerWorker.run(SuiteRunnerWorker.java:96)
at org.testng.TestNG.runSuitesSequentially(TestNG.java:1180)
at org.testng.TestNG.runSuitesLocally(TestNG.java:1102)
at org.testng.TestNG.runSuites(TestNG.java:1032)
at org.testng.TestNG.run(TestNG.java:1000)
at org.testng.remote.AbstractRemoteTestNG.run(AbstractRemoteTestNG.java:115)
at org.testng.remote.RemoteTestNG.initAndRun(RemoteTestNG.java:251)
at org.testng.remote.RemoteTestNG.main(RemoteTestNG.java:77)
]]>
            </full-stacktrace>
          </exception> <!-- java.lang.AssertionError -->
          <reporter-output>
          </reporter-output>
        </test-method> <!-- testMethod4 -->
        <test-method status="PASS" signature="setup()[pri:0, instance:com.freecrm.qa.ExtentReportListener.ExtentReport@15d0c81b]" name="setup" is-config="true" duration-ms="1" started-at="2019-12-19T17:45:25 IST" finished-at="2019-12-19T17:45:25 IST">
          <reporter-output>
          </reporter-output>
        </test-method> <!-- setup -->
        <test-method status="PASS" signature="testMethod5()[pri:0, instance:com.freecrm.qa.ExtentReportListener.ExtentReport@15d0c81b]" name="testMethod5" duration-ms="2" started-at="2019-12-19T17:45:25 IST" finished-at="2019-12-19T17:45:25 IST">
          <reporter-output>
          </reporter-output>
        </test-method> <!-- testMethod5 -->
        <test-method status="PASS" signature="setup()[pri:0, instance:com.freecrm.qa.ExtentReportListener.ExtentReport@15d0c81b]" name="setup" is-config="true" duration-ms="1" started-at="2019-12-19T17:45:25 IST" finished-at="2019-12-19T17:45:25 IST">
          <reporter-output>
          </reporter-output>
        </test-method> <!-- setup -->
        <test-method status="PASS" signature="testMethod6()[pri:0, instance:com.freecrm.qa.ExtentReportListener.ExtentReport@15d0c81b]" name="testMethod6" duration-ms="1" started-at="2019-12-19T17:45:25 IST" finished-at="2019-12-19T17:45:25 IST">
          <reporter-output>
          </reporter-output>
        </test-method> <!-- testMethod6 -->
        <test-method status="PASS" signature="setup()[pri:0, instance:com.freecrm.qa.ExtentReportListener.ExtentReport@15d0c81b]" name="setup" is-config="true" duration-ms="2" started-at="2019-12-19T17:45:25 IST" finished-at="2019-12-19T17:45:25 IST">
          <reporter-output>
          </reporter-output>
        </test-method> <!-- setup -->
        <test-method status="PASS" signature="testMethod8()[pri:0, instance:com.freecrm.qa.ExtentReportListener.ExtentReport@15d0c81b]" name="testMethod8" duration-ms="2" started-at="2019-12-19T17:45:25 IST" finished-at="2019-12-19T17:45:25 IST">
          <reporter-output>
          </reporter-output>
        </test-method> <!-- testMethod8 -->
      </class> <!-- com.freecrm.qa.ExtentReportListener.ExtentReport -->
    </test> <!-- Default test -->
  </suite> <!-- Default suite -->
</testng-results>
