<?xml version="1.0" encoding="UTF-8"?>
<!-- Generated by org.testng.reporters.JUnitXMLReporter -->
<testsuite hostname="DESKTOP-9J8UA3C" ignored="0" name="Free CRM Application Test" tests="3" failures="2" timestamp="2019-11-13T22:41:11 IST" time="0.147" errors="0">
  <testcase name="m1" time="0.022" classname="com.freecrm.qa.Analyzer.TestClass">
    <failure type="java.lang.AssertionError" message="expected [false] but found [true]">
      <![CDATA[java.lang.AssertionError: expected [false] but found [true]
at com.freecrm.qa.Analyzer.TestClass.m1(TestClass.java:9)
at java.util.ArrayList.forEach(Unknown Source)
... Removed 32 stack frames]]>
    </failure>
  </testcase> <!-- m1 -->
  <testcase name="m2" time="0.0" classname="com.freecrm.qa.Analyzer.TestClass">
    <failure type="java.lang.AssertionError" message="expected [false] but found [true]">
      <![CDATA[java.lang.AssertionError: expected [false] but found [true]
at com.freecrm.qa.Analyzer.TestClass.m2(TestClass.java:13)
at java.util.ArrayList.forEach(Unknown Source)
... Removed 32 stack frames]]>
    </failure>
  </testcase> <!-- m2 -->
  <testcase name="m3" time="0.0" classname="com.freecrm.qa.Analyzer.TestClass"/>
</testsuite> <!-- Free CRM Application Test -->
